This file contains any messages produced by compilers while
running configure, to aid debugging if configure makes a mistake.

It was created by configure, which was
generated by GNU Autoconf 2.59.  Invocation command line was

  $ /home/aiden/Documents/Class/COMP3500/cs161/cs161-gdb-1.5/gdb-6.6+cs161/sim/configure --cache-file=./config.cache --build=x86_64-unknown-linux-gnu --host=x86_64-unknown-linux-gnu --target=mips-elf --with-stabs --prefix=/home/aiden/cs161/tools --program-transform-name=s,^,mips-elf-,;  --srcdir=/home/aiden/Documents/Class/COMP3500/cs161/cs161-gdb-1.5/./gdb-6.6+cs161/sim

## --------- ##
## Platform. ##
## --------- ##

hostname = inspiron5502
uname -m = x86_64
uname -r = 6.10.7-arch1-1
uname -s = Linux
uname -v = #1 SMP PREEMPT_DYNAMIC Thu, 29 Aug 2024 16:48:57 +0000

/usr/bin/uname -p = unknown
/bin/uname -X     = unknown

/bin/arch              = unknown
/usr/bin/arch -k       = unknown
/usr/convex/getsysinfo = unknown
hostinfo               = unknown
/bin/machine           = unknown
/usr/bin/oslevel       = unknown
/bin/universe          = unknown

PATH: ~/Documents/Class/COMP3500/cs161/bin
PATH: /home/aiden/.pyenv/shims
PATH: /usr/local/sbin
PATH: /usr/local/bin
PATH: /usr/bin
PATH: /usr/bin/site_perl
PATH: /usr/bin/vendor_perl
PATH: /usr/bin/core_perl
PATH: /home/aiden/.cargo/bin
PATH: /home/aiden/cs161/tools/bin


## ----------- ##
## Core tests. ##
## ----------- ##

configure:1192: loading cache ./config.cache
configure:1289: checking for x86_64-unknown-linux-gnu-gcc
configure:1315: result: gcc
configure:1597: checking for C compiler version
configure:1600: gcc --version </dev/null >&5
gcc (GCC) 14.2.1 20240805
Copyright (C) 2024 Free Software Foundation, Inc.
This is free software; see the source for copying conditions.  There is NO
warranty; not even for MERCHANTABILITY or FITNESS FOR A PARTICULAR PURPOSE.

configure:1603: $? = 0
configure:1605: gcc -v </dev/null >&5
Using built-in specs.
COLLECT_GCC=gcc
COLLECT_LTO_WRAPPER=/usr/lib/gcc/x86_64-pc-linux-gnu/14.2.1/lto-wrapper
Target: x86_64-pc-linux-gnu
Configured with: /build/gcc/src/gcc/configure --enable-languages=ada,c,c++,d,fortran,go,lto,m2,objc,obj-c++,rust --enable-bootstrap --prefix=/usr --libdir=/usr/lib --libexecdir=/usr/lib --mandir=/usr/share/man --infodir=/usr/share/info --with-bugurl=https://gitlab.archlinux.org/archlinux/packaging/packages/gcc/-/issues --with-build-config=bootstrap-lto --with-linker-hash-style=gnu --with-system-zlib --enable-__cxa_atexit --enable-cet=auto --enable-checking=release --enable-clocale=gnu --enable-default-pie --enable-default-ssp --enable-gnu-indirect-function --enable-gnu-unique-object --enable-libstdcxx-backtrace --enable-link-serialization=1 --enable-linker-build-id --enable-lto --enable-multilib --enable-plugin --enable-shared --enable-threads=posix --disable-libssp --disable-libstdcxx-pch --disable-werror
Thread model: posix
Supported LTO compression algorithms: zlib zstd
gcc version 14.2.1 20240805 (GCC) 
configure:1608: $? = 0
configure:1610: gcc -V </dev/null >&5
gcc: error: unrecognized command-line option '-V'
gcc: fatal error: no input files
compilation terminated.
configure:1613: $? = 1
configure:1636: checking for C compiler default output file name
configure:1639: gcc -fcommon -std=gnu89 -g -O2 -Wno-error   conftest.c  >&5
configure:1642: $? = 0
configure:1688: result: a.out
configure:1693: checking whether the C compiler works
configure:1699: ./a.out
configure:1702: $? = 0
configure:1719: result: yes
configure:1726: checking whether we are cross compiling
configure:1728: result: no
configure:1731: checking for suffix of executables
configure:1733: gcc -o conftest -fcommon -std=gnu89 -g -O2 -Wno-error   conftest.c  >&5
configure:1736: $? = 0
configure:1761: result: 
configure:1767: checking for suffix of object files
configure:1813: result: o
configure:1817: checking whether we are using the GNU C compiler
configure:1873: result: yes
configure:1879: checking whether gcc accepts -g
configure:1930: result: yes
configure:1947: checking for gcc option to accept ANSI C
configure:2054: result: none needed
configure:2072: gcc -c -fcommon -std=gnu89 -g -O2 -Wno-error  conftest.c >&5
conftest.c:2:3: error: unknown type name 'choke'
    2 |   choke me
      |   ^~~~~
conftest.c:2:3: error: expected '=', ',', ';', 'asm' or '__attribute__' at end of input
configure:2078: $? = 1
configure: failed program was:
| #ifndef __cplusplus
|   choke me
| #endif
configure:2249: checking for a BSD-compatible install
configure:2304: result: /usr/bin/install -c
configure:2318: checking for x86_64-unknown-linux-gnu-ar
configure:2344: result: ar
configure:2397: checking for x86_64-unknown-linux-gnu-ranlib
configure:2423: result: ranlib
configure:2481: checking build system type
configure:2499: result: x86_64-unknown-linux-gnu
configure:2507: checking host system type
configure:2521: result: x86_64-unknown-linux-gnu
configure:2529: checking target system type
configure:2543: result: mips-unknown-elf
configure:2578: checking for x86_64-unknown-linux-gnu-gcc
configure:2604: result: gcc
configure:2886: checking for C compiler version
configure:2889: gcc --version </dev/null >&5
gcc (GCC) 14.2.1 20240805
Copyright (C) 2024 Free Software Foundation, Inc.
This is free software; see the source for copying conditions.  There is NO
warranty; not even for MERCHANTABILITY or FITNESS FOR A PARTICULAR PURPOSE.

configure:2892: $? = 0
configure:2894: gcc -v </dev/null >&5
Using built-in specs.
COLLECT_GCC=gcc
COLLECT_LTO_WRAPPER=/usr/lib/gcc/x86_64-pc-linux-gnu/14.2.1/lto-wrapper
Target: x86_64-pc-linux-gnu
Configured with: /build/gcc/src/gcc/configure --enable-languages=ada,c,c++,d,fortran,go,lto,m2,objc,obj-c++,rust --enable-bootstrap --prefix=/usr --libdir=/usr/lib --libexecdir=/usr/lib --mandir=/usr/share/man --infodir=/usr/share/info --with-bugurl=https://gitlab.archlinux.org/archlinux/packaging/packages/gcc/-/issues --with-build-config=bootstrap-lto --with-linker-hash-style=gnu --with-system-zlib --enable-__cxa_atexit --enable-cet=auto --enable-checking=release --enable-clocale=gnu --enable-default-pie --enable-default-ssp --enable-gnu-indirect-function --enable-gnu-unique-object --enable-libstdcxx-backtrace --enable-link-serialization=1 --enable-linker-build-id --enable-lto --enable-multilib --enable-plugin --enable-shared --enable-threads=posix --disable-libssp --disable-libstdcxx-pch --disable-werror
Thread model: posix
Supported LTO compression algorithms: zlib zstd
gcc version 14.2.1 20240805 (GCC) 
configure:2897: $? = 0
configure:2899: gcc -V </dev/null >&5
gcc: error: unrecognized command-line option '-V'
gcc: fatal error: no input files
compilation terminated.
configure:2902: $? = 1
configure:2905: checking whether we are using the GNU C compiler
configure:2961: result: yes
configure:2967: checking whether gcc accepts -g
configure:3018: result: yes
configure:3035: checking for gcc option to accept ANSI C
configure:3142: result: none needed
configure:3160: gcc -c -fcommon -std=gnu89 -g -O2 -Wno-error  conftest.c >&5
conftest.c:2:3: error: unknown type name 'choke'
    2 |   choke me
      |   ^~~~~
conftest.c:2:3: error: expected '=', ',', ';', 'asm' or '__attribute__' at end of input
configure:3166: $? = 1
configure: failed program was:
| #ifndef __cplusplus
|   choke me
| #endif
configure:3306: checking for x86_64-unknown-linux-gnu-ranlib
configure:3332: result: ranlib
configure:3700: creating ./config.status

## ---------------------- ##
## Running config.status. ##
## ---------------------- ##

This file was extended by config.status, which was
generated by GNU Autoconf 2.59.  Invocation command line was

  CONFIG_FILES    = 
  CONFIG_HEADERS  = 
  CONFIG_LINKS    = 
  CONFIG_COMMANDS = 
  $ ./config.status 

on inspiron5502

config.status:659: creating Makefile
configure:4555: configuring in mips
configure:4672: running /bin/sh '/home/aiden/Documents/Class/COMP3500/cs161/cs161-gdb-1.5/./gdb-6.6+cs161/sim/mips/configure' --prefix=/home/aiden/cs161/tools  '--cache-file=./config.cache' '--build=x86_64-unknown-linux-gnu' '--host=x86_64-unknown-linux-gnu' '--target=mips-elf' '--with-stabs' '--prefix=/home/aiden/cs161/tools' '--program-transform-name=s,^,mips-elf-,; ' '--srcdir=/home/aiden/Documents/Class/COMP3500/cs161/cs161-gdb-1.5/./gdb-6.6+cs161/sim' 'CC=gcc' 'CFLAGS=-fcommon -std=gnu89 -g -O2 -Wno-error' 'LDFLAGS=' 'build_alias=x86_64-unknown-linux-gnu' 'host_alias=x86_64-unknown-linux-gnu' 'target_alias=mips-elf' --cache-file=.././config.cache --srcdir=/home/aiden/Documents/Class/COMP3500/cs161/cs161-gdb-1.5/./gdb-6.6+cs161/sim/mips
configure:4555: configuring in testsuite
configure:4672: running /bin/sh '/home/aiden/Documents/Class/COMP3500/cs161/cs161-gdb-1.5/./gdb-6.6+cs161/sim/testsuite/configure' --prefix=/home/aiden/cs161/tools  '--cache-file=./config.cache' '--build=x86_64-unknown-linux-gnu' '--host=x86_64-unknown-linux-gnu' '--target=mips-elf' '--with-stabs' '--prefix=/home/aiden/cs161/tools' '--program-transform-name=s,^,mips-elf-,; ' '--srcdir=/home/aiden/Documents/Class/COMP3500/cs161/cs161-gdb-1.5/./gdb-6.6+cs161/sim' 'CC=gcc' 'CFLAGS=-fcommon -std=gnu89 -g -O2 -Wno-error' 'LDFLAGS=' 'build_alias=x86_64-unknown-linux-gnu' 'host_alias=x86_64-unknown-linux-gnu' 'target_alias=mips-elf' --cache-file=.././config.cache --srcdir=/home/aiden/Documents/Class/COMP3500/cs161/cs161-gdb-1.5/./gdb-6.6+cs161/sim/testsuite
configure:4555: configuring in common
configure:4672: running /bin/sh '/home/aiden/Documents/Class/COMP3500/cs161/cs161-gdb-1.5/./gdb-6.6+cs161/sim/common/configure' --prefix=/home/aiden/cs161/tools  '--cache-file=./config.cache' '--build=x86_64-unknown-linux-gnu' '--host=x86_64-unknown-linux-gnu' '--target=mips-elf' '--with-stabs' '--prefix=/home/aiden/cs161/tools' '--program-transform-name=s,^,mips-elf-,; ' '--srcdir=/home/aiden/Documents/Class/COMP3500/cs161/cs161-gdb-1.5/./gdb-6.6+cs161/sim' 'CC=gcc' 'CFLAGS=-fcommon -std=gnu89 -g -O2 -Wno-error' 'LDFLAGS=' 'build_alias=x86_64-unknown-linux-gnu' 'host_alias=x86_64-unknown-linux-gnu' 'target_alias=mips-elf' --cache-file=.././config.cache --srcdir=/home/aiden/Documents/Class/COMP3500/cs161/cs161-gdb-1.5/./gdb-6.6+cs161/sim/common
configure:4555: configuring in igen
configure:4672: running /bin/sh '/home/aiden/Documents/Class/COMP3500/cs161/cs161-gdb-1.5/./gdb-6.6+cs161/sim/igen/configure' --prefix=/home/aiden/cs161/tools  '--cache-file=./config.cache' '--build=x86_64-unknown-linux-gnu' '--host=x86_64-unknown-linux-gnu' '--target=mips-elf' '--with-stabs' '--prefix=/home/aiden/cs161/tools' '--program-transform-name=s,^,mips-elf-,; ' '--srcdir=/home/aiden/Documents/Class/COMP3500/cs161/cs161-gdb-1.5/./gdb-6.6+cs161/sim' 'CC=gcc' 'CFLAGS=-fcommon -std=gnu89 -g -O2 -Wno-error' 'LDFLAGS=' 'build_alias=x86_64-unknown-linux-gnu' 'host_alias=x86_64-unknown-linux-gnu' 'target_alias=mips-elf' --cache-file=.././config.cache --srcdir=/home/aiden/Documents/Class/COMP3500/cs161/cs161-gdb-1.5/./gdb-6.6+cs161/sim/igen

## ---------------- ##
## Cache variables. ##
## ---------------- ##

ac_cv_build=x86_64-unknown-linux-gnu
ac_cv_build_alias=x86_64-unknown-linux-gnu
ac_cv_c_bigendian=no
ac_cv_c_compiler_gnu=yes
ac_cv_env_CC_set=set
ac_cv_env_CC_value=gcc
ac_cv_env_CFLAGS_set=set
ac_cv_env_CFLAGS_value='-fcommon -std=gnu89 -g -O2 -Wno-error'
ac_cv_env_CPPFLAGS_set=
ac_cv_env_CPPFLAGS_value=
ac_cv_env_CPP_set=
ac_cv_env_CPP_value=
ac_cv_env_LDFLAGS_set=set
ac_cv_env_LDFLAGS_value=
ac_cv_env_build_alias_set=set
ac_cv_env_build_alias_value=x86_64-unknown-linux-gnu
ac_cv_env_host_alias_set=set
ac_cv_env_host_alias_value=x86_64-unknown-linux-gnu
ac_cv_env_target_alias_set=set
ac_cv_env_target_alias_value=mips-elf
ac_cv_exeext=
ac_cv_func___setfpucw=no
ac_cv_func_aint=no
ac_cv_func_anint=no
ac_cv_func_ftruncate=yes
ac_cv_func_getrusage=yes
ac_cv_func_lstat=yes
ac_cv_func_mmap=yes
ac_cv_func_munmap=yes
ac_cv_func_sigaction=yes
ac_cv_func_sqrt=yes
ac_cv_func_time=yes
ac_cv_func_truncate=yes
ac_cv_have_x='have_x=yes 		ac_x_includes= ac_x_libraries='
ac_cv_header_dirent_dirent_h=yes
ac_cv_header_dlfcn_h=yes
ac_cv_header_errno_h=yes
ac_cv_header_fcntl_h=yes
ac_cv_header_fpu_control_h=yes
ac_cv_header_inttypes_h=yes
ac_cv_header_memory_h=yes
ac_cv_header_stdc=yes
ac_cv_header_stdint_h=yes
ac_cv_header_stdlib_h=yes
ac_cv_header_string_h=yes
ac_cv_header_strings_h=yes
ac_cv_header_sys_mman_h=yes
ac_cv_header_sys_resource_h=yes
ac_cv_header_sys_stat_h=yes
ac_cv_header_sys_time_h=yes
ac_cv_header_sys_times_h=yes
ac_cv_header_sys_types_h=yes
ac_cv_header_time_h=yes
ac_cv_header_unistd_h=yes
ac_cv_host=x86_64-unknown-linux-gnu
ac_cv_host_alias=x86_64-unknown-linux-gnu
ac_cv_lib_m_fabs=yes
ac_cv_lib_nsl_gethostbyname=yes
ac_cv_lib_socket_bind=no
ac_cv_objext=o
ac_cv_prog_AR=ar
ac_cv_prog_CC=gcc
ac_cv_prog_CPP='gcc -E'
ac_cv_prog_RANLIB=ranlib
ac_cv_prog_cc_g=yes
ac_cv_prog_cc_stdc=
ac_cv_prog_egrep='grep -E'
ac_cv_search_opendir='none required'
ac_cv_target=mips-unknown-elf
ac_cv_target_alias=mips-elf
ac_cv_type_signal=void

## ----------------- ##
## Output variables. ##
## ----------------- ##

AR='ar'
CC='gcc'
CC_FOR_BUILD='$(CC)'
CFLAGS='-fcommon -std=gnu89 -g -O2 -Wno-error'
CFLAGS_FOR_BUILD='-fcommon -std=gnu89 -g -O2 -Wno-error'
CPPFLAGS=''
DEFS='-DPACKAGE_NAME=\"\" -DPACKAGE_TARNAME=\"\" -DPACKAGE_VERSION=\"\" -DPACKAGE_STRING=\"\" -DPACKAGE_BUGREPORT=\"\" '
ECHO_C=''
ECHO_N='-n'
ECHO_T=''
EXEEXT=''
HDEFINES=''
INSTALL_DATA='/usr/bin/install -c -m 644'
INSTALL_PROGRAM='/usr/bin/install -c'
INSTALL_SCRIPT='/usr/bin/install -c'
LDFLAGS=''
LIBOBJS=''
LIBS=''
LTLIBOBJS=''
OBJEXT='o'
PACKAGE_BUGREPORT=''
PACKAGE_NAME=''
PACKAGE_STRING=''
PACKAGE_TARNAME=''
PACKAGE_VERSION=''
PATH_SEPARATOR=':'
RANLIB='ranlib'
SHELL='/bin/sh'
ac_ct_AR=''
ac_ct_CC=''
ac_ct_RANLIB=''
bindir='${exec_prefix}/bin'
build='x86_64-unknown-linux-gnu'
build_alias='x86_64-unknown-linux-gnu'
build_cpu='x86_64'
build_os='linux-gnu'
build_vendor='unknown'
datadir='${prefix}/share'
exec_prefix='${prefix}'
host='x86_64-unknown-linux-gnu'
host_alias='x86_64-unknown-linux-gnu'
host_cpu='x86_64'
host_os='linux-gnu'
host_vendor='unknown'
includedir='${prefix}/include'
infodir='${prefix}/info'
libdir='${exec_prefix}/lib'
libexecdir='${exec_prefix}/libexec'
localstatedir='${prefix}/var'
mandir='${prefix}/man'
oldincludedir='/usr/include'
prefix='/home/aiden/cs161/tools'
program_transform_name='s,^,mips-elf-,;'
sbindir='${exec_prefix}/sbin'
sharedstatedir='${prefix}/com'
subdirs=' mips testsuite common igen'
sysconfdir='${prefix}/etc'
target='mips-unknown-elf'
target_alias='mips-elf'
target_cpu='mips'
target_os='elf'
target_vendor='unknown'

## ----------- ##
## confdefs.h. ##
## ----------- ##

#define PACKAGE_BUGREPORT ""
#define PACKAGE_NAME ""
#define PACKAGE_STRING ""
#define PACKAGE_TARNAME ""
#define PACKAGE_VERSION ""

configure: exit 0
